<?xml version="1.0" encoding="UTF-8"?>
<!-- Generated by org.testng.reporters.JUnitReportReporter -->
<testsuite hostname="ATMECSINDT-049" name="com.atmecs.restful.executor.Controller" tests="4" failures="0" timestamp="12 Sep 2014 09:45:13 GMT" time="7.223" errors="0">
  <testcase name="test" time="1.804" classname="com.atmecs.restful.executor.Controller"/>
  <testcase name="test" time="1.917" classname="com.atmecs.restful.executor.Controller"/>
  <testcase name="test" time="1.751" classname="com.atmecs.restful.executor.Controller"/>
  <testcase name="test" time="1.751" classname="com.atmecs.restful.executor.Controller"/>
</testsuite> <!-- com.atmecs.restful.executor.Controller -->
