<?xml version="1.0" encoding="UTF-8"?>
<!-- Generated by org.testng.reporters.JUnitReportReporter -->
<testsuite hostname="ATMECSINDT-049" name="com.atmecs.restful.executor.Controller" tests="4" failures="0" timestamp="11 Sep 2014 10:44:12 GMT" time="7.889" errors="0">
  <testcase name="test" time="2.007" classname="com.atmecs.restful.executor.Controller"/>
  <testcase name="test" time="1.806" classname="com.atmecs.restful.executor.Controller"/>
  <testcase name="test" time="1.913" classname="com.atmecs.restful.executor.Controller"/>
  <testcase name="test" time="2.163" classname="com.atmecs.restful.executor.Controller"/>
</testsuite> <!-- com.atmecs.restful.executor.Controller -->
