<?xml version="1.0" encoding="UTF-8"?>
<!-- Generated by org.testng.reporters.JUnitReportReporter -->
<testsuite hostname="ATMECSINDT-049" name="com.atmecs.restful.executor.Controller" tests="4" failures="0" timestamp="12 Sep 2014 06:01:19 GMT" time="58.476" errors="0">
  <testcase name="test" time="15.604" classname="com.atmecs.restful.executor.Controller"/>
  <testcase name="test" time="8.409" classname="com.atmecs.restful.executor.Controller"/>
  <testcase name="test" time="23.849" classname="com.atmecs.restful.executor.Controller"/>
  <testcase name="test" time="10.614" classname="com.atmecs.restful.executor.Controller"/>
</testsuite> <!-- com.atmecs.restful.executor.Controller -->
