<?xml version="1.0" encoding="UTF-8"?>
<!-- Generated by org.testng.reporters.JUnitReportReporter -->
<testsuite hostname="ATMECSINDT-049" name="com.atmecs.tester.AppTest" tests="1" failures="0" timestamp="12 Sep 2014 09:16:45 GMT" time="0.005" errors="0">
  <testcase name="testApp" time="0.005" classname="com.atmecs.tester.AppTest"/>
</testsuite> <!-- com.atmecs.tester.AppTest -->
