<?xml version="1.0" encoding="UTF-8"?>
<!-- Generated by org.testng.reporters.JUnitReportReporter -->
<testsuite hostname="ATMECSINDT-049" name="com.atmecs.restful.executor.Controller" tests="4" failures="0" timestamp="12 Sep 2014 07:22:54 GMT" time="7.406" errors="0">
  <testcase name="test" time="1.850" classname="com.atmecs.restful.executor.Controller"/>
  <testcase name="test" time="1.850" classname="com.atmecs.restful.executor.Controller"/>
  <testcase name="test" time="1.854" classname="com.atmecs.restful.executor.Controller"/>
  <testcase name="test" time="1.852" classname="com.atmecs.restful.executor.Controller"/>
</testsuite> <!-- com.atmecs.restful.executor.Controller -->
