<?xml version="1.0" encoding="UTF-8"?>
<!-- Generated by org.testng.reporters.JUnitReportReporter -->
<testsuite hostname="ATMECSINDT-049" name="com.atmecs.restful.executor.Controller" tests="4" failures="0" timestamp="12 Sep 2014 07:41:20 GMT" time="8.065" errors="0">
  <testcase name="test" time="2.372" classname="com.atmecs.restful.executor.Controller"/>
  <testcase name="test" time="1.859" classname="com.atmecs.restful.executor.Controller"/>
  <testcase name="test" time="1.859" classname="com.atmecs.restful.executor.Controller"/>
  <testcase name="test" time="1.975" classname="com.atmecs.restful.executor.Controller"/>
</testsuite> <!-- com.atmecs.restful.executor.Controller -->
